[2016-09-21 08:00:21][WHMCS Installer] DEBUG: Installer bootstrapped []
[2016-09-21 08:00:24][WHMCS Installer] DEBUG: Installer bootstrapped []
[2016-09-21 08:00:24][WHMCS Installer] INFO: Previous install not detected; a fresh install will be attempted []
[2016-09-21 08:01:03][WHMCS Installer] DEBUG: Installer bootstrapped []
[2016-09-21 08:01:03][WHMCS Installer] INFO: Previous install not detected; a fresh install will be attempted []
[2016-09-21 08:01:11][WHMCS Installer] DEBUG: Installer bootstrapped []
[2016-09-21 08:01:44][WHMCS Installer] DEBUG: Installer bootstrapped []
[2016-09-21 08:01:59][WHMCS Installer] DEBUG: Installer bootstrapped []
[2016-09-21 08:01:59][WHMCS Installer] INFO: New configuration file has been written []
[2016-09-21 08:01:59][WHMCS Installer] ERROR: SQL strict mode detected []
[2016-09-21 08:06:37][WHMCS Installer] DEBUG: Installer bootstrapped []
[2016-09-21 08:06:37][WHMCS Installer] INFO: New configuration file has been written []
[2016-09-21 08:06:37][WHMCS Installer] ERROR: Previous WHMCS database found after configuration file was created []
[2016-09-21 08:07:20][WHMCS Installer] DEBUG: Installer bootstrapped []
[2016-09-21 08:07:32][WHMCS Installer] DEBUG: Installer bootstrapped []
[2016-09-21 08:07:45][WHMCS Installer] DEBUG: Installer bootstrapped []
[2016-09-21 08:08:22][WHMCS Installer] DEBUG: Installer bootstrapped []
[2016-09-21 08:08:22][WHMCS Installer] INFO: New configuration file has been written []
[2016-09-21 08:08:22][WHMCS Installer] INFO: Applying base SQL schema []
[2016-09-21 08:08:46][WHMCS Installer] DEBUG: Installer bootstrapped []
[2016-09-21 08:08:46][WHMCS Installer] INFO: Creating initial admin account []
[2016-09-21 08:08:46][WHMCS Installer] INFO: Applying incremental updates to base install schema []
[2016-09-21 08:08:46][WHMCS Installer] INFO: Applying Updates for 3.2.1-release.1 []
[2016-09-21 08:08:46][WHMCS Installer] INFO: Removing any obsolete file and directories []
[2016-09-21 08:08:46][WHMCS Installer] INFO: Applying Updates for 3.2.2-release.1 []
[2016-09-21 08:08:46][WHMCS Installer] INFO: Removing any obsolete file and directories []
[2016-09-21 08:08:46][WHMCS Installer] INFO: Applying Updates for 3.2.3-release.1 []
[2016-09-21 08:08:46][WHMCS Installer] INFO: Removing any obsolete file and directories []
[2016-09-21 08:08:46][WHMCS Installer] INFO: Applying Updates for 3.3.0-release.1 []
[2016-09-21 08:08:46][WHMCS Installer] INFO: Removing any obsolete file and directories []
[2016-09-21 08:08:46][WHMCS Installer] INFO: Applying Updates for 3.4.0-release.1 []
[2016-09-21 08:08:47][WHMCS Installer] INFO: Removing any obsolete file and directories []
[2016-09-21 08:08:47][WHMCS Installer] INFO: Applying Updates for 3.4.1-release.1 []
[2016-09-21 08:08:47][WHMCS Installer] INFO: Removing any obsolete file and directories []
[2016-09-21 08:08:47][WHMCS Installer] INFO: Applying Updates for 3.5.0-release.1 []
[2016-09-21 08:08:47][WHMCS Installer] INFO: Removing any obsolete file and directories []
[2016-09-21 08:08:47][WHMCS Installer] INFO: Applying Updates for 3.5.1-release.1 []
[2016-09-21 08:08:47][WHMCS Installer] INFO: Removing any obsolete file and directories []
[2016-09-21 08:08:47][WHMCS Installer] INFO: Applying Updates for 3.6.0-release.1 []
[2016-09-21 08:08:47][WHMCS Installer] INFO: Removing any obsolete file and directories []
[2016-09-21 08:08:47][WHMCS Installer] INFO: Applying Updates for 3.6.1-release.1 []
[2016-09-21 08:08:47][WHMCS Installer] INFO: Removing any obsolete file and directories []
[2016-09-21 08:08:47][WHMCS Installer] INFO: Applying Updates for 3.6.2-release.1 []
[2016-09-21 08:08:50][WHMCS Installer] INFO: Removing any obsolete file and directories []
[2016-09-21 08:08:50][WHMCS Installer] INFO: Applying Updates for 3.7.0-release.1 []
[2016-09-21 08:08:50][WHMCS Installer] INFO: Removing any obsolete file and directories []
[2016-09-21 08:08:50][WHMCS Installer] INFO: Applying Updates for 3.7.1-release.1 []
[2016-09-21 08:08:50][WHMCS Installer] INFO: Removing any obsolete file and directories []
[2016-09-21 08:08:50][WHMCS Installer] INFO: Applying Updates for 3.7.2-release.1 []
[2016-09-21 08:08:50][WHMCS Installer] INFO: Removing any obsolete file and directories []
[2016-09-21 08:08:50][WHMCS Installer] INFO: Applying Updates for 3.8.0-release.1 []
[2016-09-21 08:08:50][WHMCS Installer] INFO: Removing any obsolete file and directories []
[2016-09-21 08:08:50][WHMCS Installer] INFO: Applying Updates for 3.8.1-release.1 []
[2016-09-21 08:08:50][WHMCS Installer] INFO: Removing any obsolete file and directories []
[2016-09-21 08:08:50][WHMCS Installer] INFO: Applying Updates for 3.8.2-release.1 []
[2016-09-21 08:08:50][WHMCS Installer] INFO: Removing any obsolete file and directories []
[2016-09-21 08:08:50][WHMCS Installer] INFO: Applying Updates for 4.0.0-release.1 []
[2016-09-21 08:08:51][WHMCS Installer] INFO: Removing any obsolete file and directories []
[2016-09-21 08:08:51][WHMCS Installer] INFO: Applying Updates for 4.0.1-release.1 []
[2016-09-21 08:08:51][WHMCS Installer] INFO: Removing any obsolete file and directories []
[2016-09-21 08:08:51][WHMCS Installer] INFO: Applying Updates for 4.1.0-release.1 []
[2016-09-21 08:08:51][WHMCS Installer] INFO: Removing any obsolete file and directories []
[2016-09-21 08:08:51][WHMCS Installer] INFO: Applying Updates for 4.1.1-release.1 []
[2016-09-21 08:08:51][WHMCS Installer] INFO: Removing any obsolete file and directories []
[2016-09-21 08:08:51][WHMCS Installer] INFO: Applying Updates for 4.1.2-release.1 []
[2016-09-21 08:08:51][WHMCS Installer] INFO: Removing any obsolete file and directories []
[2016-09-21 08:08:51][WHMCS Installer] INFO: Applying Updates for 4.2.0-release.1 []
[2016-09-21 08:08:51][WHMCS Installer] INFO: Removing any obsolete file and directories []
[2016-09-21 08:08:51][WHMCS Installer] INFO: Applying Updates for 4.2.1-release.1 []
[2016-09-21 08:08:51][WHMCS Installer] INFO: Removing any obsolete file and directories []
[2016-09-21 08:08:51][WHMCS Installer] INFO: Applying Updates for 4.3.0-release.1 []
[2016-09-21 08:08:51][WHMCS Installer] INFO: Removing any obsolete file and directories []
[2016-09-21 08:08:51][WHMCS Installer] INFO: Applying Updates for 4.3.1-release.1 []
[2016-09-21 08:08:51][WHMCS Installer] INFO: Removing any obsolete file and directories []
[2016-09-21 08:08:51][WHMCS Installer] INFO: Applying Updates for 4.4.0-release.1 []
[2016-09-21 08:08:52][WHMCS Installer] INFO: Removing any obsolete file and directories []
[2016-09-21 08:08:52][WHMCS Installer] INFO: Applying Updates for 4.4.1-release.1 []
[2016-09-21 08:08:52][WHMCS Installer] INFO: Removing any obsolete file and directories []
[2016-09-21 08:08:52][WHMCS Installer] INFO: Applying Updates for 4.4.2-release.1 []
[2016-09-21 08:08:52][WHMCS Installer] INFO: Removing any obsolete file and directories []
[2016-09-21 08:08:52][WHMCS Installer] INFO: Applying Updates for 4.5.0-release.1 []
[2016-09-21 08:08:52][WHMCS Installer] INFO: Removing any obsolete file and directories []
[2016-09-21 08:08:52][WHMCS Installer] INFO: Applying Updates for 4.5.1-release.1 []
[2016-09-21 08:08:52][WHMCS Installer] INFO: Removing any obsolete file and directories []
[2016-09-21 08:08:52][WHMCS Installer] INFO: Applying Updates for 4.5.2-release.1 []
[2016-09-21 08:08:52][WHMCS Installer] INFO: Removing any obsolete file and directories []
[2016-09-21 08:08:52][WHMCS Installer] INFO: Applying Updates for 5.0.0-release.1 []
[2016-09-21 08:08:52][WHMCS Installer] INFO: Removing any obsolete file and directories []
[2016-09-21 08:08:52][WHMCS Installer] INFO: Applying Updates for 5.0.1-release.1 []
[2016-09-21 08:08:52][WHMCS Installer] INFO: Removing any obsolete file and directories []
[2016-09-21 08:08:52][WHMCS Installer] INFO: Applying Updates for 5.0.2-release.1 []
[2016-09-21 08:08:52][WHMCS Installer] INFO: Removing any obsolete file and directories []
[2016-09-21 08:08:52][WHMCS Installer] INFO: Applying Updates for 5.0.3-release.1 []
[2016-09-21 08:08:52][WHMCS Installer] INFO: Removing any obsolete file and directories []
[2016-09-21 08:08:52][WHMCS Installer] INFO: Applying Updates for 5.1.0-release.1 []
[2016-09-21 08:08:53][WHMCS Installer] INFO: Removing any obsolete file and directories []
[2016-09-21 08:08:53][WHMCS Installer] INFO: Applying Updates for 5.1.1-release.1 []
[2016-09-21 08:08:53][WHMCS Installer] INFO: Removing any obsolete file and directories []
[2016-09-21 08:08:53][WHMCS Installer] INFO: Applying Updates for 5.1.2-release.1 []
[2016-09-21 08:08:53][WHMCS Installer] INFO: Removing any obsolete file and directories []
[2016-09-21 08:08:53][WHMCS Installer] INFO: Applying Updates for 5.2.0-release.1 []
[2016-09-21 08:08:53][WHMCS Installer] INFO: Removing any obsolete file and directories []
[2016-09-21 08:08:53][WHMCS Installer] INFO: Applying Updates for 5.2.1-release.1 []
[2016-09-21 08:08:53][WHMCS Installer] INFO: Removing any obsolete file and directories []
[2016-09-21 08:08:53][WHMCS Installer] INFO: Applying Updates for 5.2.2-release.1 []
[2016-09-21 08:08:53][WHMCS Installer] INFO: Removing any obsolete file and directories []
[2016-09-21 08:08:53][WHMCS Installer] INFO: Applying Updates for 5.2.3-release.1 []
[2016-09-21 08:08:53][WHMCS Installer] INFO: Removing any obsolete file and directories []
[2016-09-21 08:08:53][WHMCS Installer] INFO: Applying Updates for 5.2.4-release.1 []
[2016-09-21 08:08:53][WHMCS Installer] INFO: Removing any obsolete file and directories []
[2016-09-21 08:08:53][WHMCS Installer] INFO: Applying Updates for 5.2.5-release.1 []
[2016-09-21 08:08:53][WHMCS Installer] INFO: Removing any obsolete file and directories []
[2016-09-21 08:08:53][WHMCS Installer] INFO: Applying Updates for 5.3.0-release.1 []
[2016-09-21 08:08:53][WHMCS Installer] INFO: Removing any obsolete file and directories []
[2016-09-21 08:08:53][WHMCS Installer] INFO: Applying Updates for 5.3.1-release.1 []
[2016-09-21 08:08:53][WHMCS Installer] INFO: Removing any obsolete file and directories []
[2016-09-21 08:08:53][WHMCS Installer] INFO: Applying Updates for 5.3.2-release.1 []
[2016-09-21 08:08:53][WHMCS Installer] INFO: Removing any obsolete file and directories []
[2016-09-21 08:08:53][WHMCS Installer] INFO: Applying Updates for 5.3.3-rc.1 []
[2016-09-21 08:08:53][WHMCS Installer] INFO: Removing any obsolete file and directories []
[2016-09-21 08:08:53][WHMCS Installer] INFO: Applying Updates for 5.3.3-rc.2 []
[2016-09-21 08:08:53][WHMCS Installer] INFO: Removing any obsolete file and directories []
[2016-09-21 08:08:53][WHMCS Installer] INFO: Applying Updates for 5.3.3-release.1 []
[2016-09-21 08:08:53][WHMCS Installer] INFO: Removing any obsolete file and directories []
[2016-09-21 08:08:53][WHMCS Installer] INFO: Applying Updates for 5.3.4-release.1 []
[2016-09-21 08:08:53][WHMCS Installer] INFO: Removing any obsolete file and directories []
[2016-09-21 08:08:53][WHMCS Installer] INFO: Applying Updates for 5.3.5-release.1 []
[2016-09-21 08:08:53][WHMCS Installer] INFO: Removing any obsolete file and directories []
[2016-09-21 08:08:53][WHMCS Installer] INFO: Applying Updates for 5.3.6-release.1 []
[2016-09-21 08:08:53][WHMCS Installer] INFO: Removing any obsolete file and directories []
[2016-09-21 08:08:53][WHMCS Installer] INFO: Applying Updates for 5.3.7-release.1 []
[2016-09-21 08:08:53][WHMCS Installer] INFO: Removing any obsolete file and directories []
[2016-09-21 08:08:53][WHMCS Installer] INFO: Applying Updates for 5.3.8-release.1 []
[2016-09-21 08:08:53][WHMCS Installer] INFO: Removing any obsolete file and directories []
[2016-09-21 08:08:53][WHMCS Installer] INFO: Applying Updates for 5.3.9-release.1 []
[2016-09-21 08:08:53][WHMCS Installer] INFO: Removing any obsolete file and directories []
[2016-09-21 08:08:53][WHMCS Installer] INFO: Applying Updates for 5.3.12-release.1 []
[2016-09-21 08:08:53][WHMCS Installer] INFO: Removing any obsolete file and directories []
[2016-09-21 08:08:53][WHMCS Installer] INFO: Applying Updates for 6.0.0-alpha.1 []
[2016-09-21 08:08:54][WHMCS Installer] INFO: Performing Update Action: removeDuplicateSettings []
[2016-09-21 08:08:54][WHMCS Installer] INFO: Performing Update Action: convertMailTemplateBooleanColumns []
[2016-09-21 08:08:54][WHMCS Installer] INFO: Performing Update Action: convertClientUnixTimestampColumns []
[2016-09-21 08:08:54][WHMCS Installer] INFO: Performing Update Action: convertClientBooleanColumns []
[2016-09-21 08:08:54][WHMCS Installer] INFO: Performing Update Action: convertDomainBooleanColumns []
[2016-09-21 08:08:54][WHMCS Installer] INFO: Performing Update Action: convertProductBooleanColumns []
[2016-09-21 08:08:55][WHMCS Installer] INFO: Performing Update Action: convertProductGroupBooleanColumns []
[2016-09-21 08:08:55][WHMCS Installer] INFO: Performing Update Action: convertDownloadBooleanColumns []
[2016-09-21 08:08:55][WHMCS Installer] INFO: Performing Update Action: convertDownloadCategoryBooleanColumns []
[2016-09-21 08:08:55][WHMCS Installer] INFO: Performing Update Action: migrateProductDownloadIdsToItsTable []
[2016-09-21 08:08:55][WHMCS Installer] INFO: Performing Update Action: migrateProductUpgradeIdsToItsTable []
[2016-09-21 08:08:55][WHMCS Installer] INFO: Performing Update Action: convertServiceBooleanColumns []
[2016-09-21 08:08:55][WHMCS Installer] INFO: Performing Update Action: convertAnnouncementBooleanColumns []
[2016-09-21 08:08:55][WHMCS Installer] INFO: Performing Update Action: updateAdminUserForAutoReleaseModule []
[2016-09-21 08:08:55][WHMCS Installer] INFO: Performing Update Action: createServiceUnsuspendedEmailTemplate []
[2016-09-21 08:08:55][WHMCS Installer] INFO: Performing Update Action: addManualUpgradeRequiredEmailTemplate []
[2016-09-21 08:08:55][WHMCS Installer] INFO: Performing Update Action: convertNoMD5Passwords []
[2016-09-21 08:08:55][WHMCS Installer] INFO: Performing Update Action: populateTopLevelDomainsAndCategories []
[2016-09-21 08:08:58][WHMCS Installer] INFO: Performing Update Action: migrateDiscontinuedOrderFormTemplates []
[2016-09-21 08:08:58][WHMCS Installer] INFO: Performing Update Action: migrateDiscontinuedAdminOriginalTemplate []
[2016-09-21 08:08:58][WHMCS Installer] INFO: Performing Update Action: convertContactUnixTimestampColumns []
[2016-09-21 08:08:58][WHMCS Installer] INFO: Removing any obsolete file and directories []
[2016-09-21 08:08:58][WHMCS Installer] INFO: Applying Updates for 6.0.0-beta.1 []
[2016-09-21 08:08:58][WHMCS Installer] INFO: Removing any obsolete file and directories []
[2016-09-21 08:08:58][WHMCS Installer] INFO: Applying Updates for 6.0.0-beta.2 []
[2016-09-21 08:08:58][WHMCS Installer] INFO: Removing any obsolete file and directories []
[2016-09-21 08:08:58][WHMCS Installer] INFO: Applying Updates for 6.0.0-beta.3 []
[2016-09-21 08:08:58][WHMCS Installer] INFO: Removing any obsolete file and directories []
[2016-09-21 08:08:58][WHMCS Installer] INFO: Applying Updates for 6.0.0-beta.4 []
[2016-09-21 08:08:58][WHMCS Installer] INFO: Performing Update Action: updateExpiredDomainNoticeTemplate []
[2016-09-21 08:08:58][WHMCS Installer] INFO: Performing Update Action: adjustAffiliatePayoutDefault []
[2016-09-21 08:08:58][WHMCS Installer] INFO: Removing any obsolete file and directories []
[2016-09-21 08:08:58][WHMCS Installer] INFO: Applying Updates for 6.0.0-beta.5 []
[2016-09-21 08:08:58][WHMCS Installer] INFO: Removing any obsolete file and directories []
[2016-09-21 08:08:58][WHMCS Installer] INFO: Applying Updates for 6.0.0-rc.1 []
[2016-09-21 08:08:58][WHMCS Installer] INFO: Removing any obsolete file and directories []
[2016-09-21 08:08:58][WHMCS Installer] INFO: Applying Updates for 6.0.0-rc.2 []
[2016-09-21 08:08:58][WHMCS Installer] INFO: Removing any obsolete file and directories []
[2016-09-21 08:08:58][WHMCS Installer] INFO: Applying Updates for 6.0.0-rc.3 []
[2016-09-21 08:08:58][WHMCS Installer] INFO: Removing any obsolete file and directories []
[2016-09-21 08:08:58][WHMCS Installer] INFO: Applying Updates for 6.0.0-release.1 []
[2016-09-21 08:08:58][WHMCS Installer] INFO: Removing any obsolete file and directories []
[2016-09-21 08:08:58][WHMCS Installer] INFO: Applying Updates for 6.0.1-release.1 []
[2016-09-21 08:08:58][WHMCS Installer] INFO: Performing Update Action: migrateFixedInvoiceDataAddon []
[2016-09-21 08:08:58][WHMCS Installer] INFO: Removing any obsolete file and directories []
[2016-09-21 08:08:58][WHMCS Installer] INFO: Applying Updates for 6.0.2-release.1 []
[2016-09-21 08:08:58][WHMCS Installer] INFO: Removing any obsolete file and directories []
[2016-09-21 08:08:58][WHMCS Installer] INFO: Applying Updates for 6.1.0-alpha.1 []
[2016-09-21 08:08:58][WHMCS Installer] INFO: Performing Update Action: migrateMaxMindIgnoreCity []
[2016-09-21 08:08:58][WHMCS Installer] INFO: Performing Update Action: moveAttachmentsProjectsFiles []
[2016-09-21 08:08:58][WHMCS Installer] INFO: Performing Update Action: detectCronRunForHealthAndUpdates []
[2016-09-21 08:08:58][WHMCS Installer] INFO: Removing any obsolete file and directories []
[2016-09-21 08:08:58][WHMCS Installer] INFO: Applying Updates for 6.1.0-rc.1 []
[2016-09-21 08:08:58][WHMCS Installer] INFO: Removing any obsolete file and directories []
[2016-09-21 08:08:58][WHMCS Installer] INFO: Applying Updates for 6.1.0-release.1 []
[2016-09-21 08:08:58][WHMCS Installer] INFO: Removing any obsolete file and directories []
[2016-09-21 08:08:58][WHMCS Installer] INFO: Applying Updates for 6.1.1-release.1 []
[2016-09-21 08:08:58][WHMCS Installer] INFO: Removing any obsolete file and directories []
[2016-09-21 08:08:58][WHMCS Installer] INFO: Applying Updates for 6.2.0-alpha.1 []
[2016-09-21 08:08:58][WHMCS Installer] INFO: Performing Update Action: createUuidColumnsIfNecessary []
[2016-09-21 08:08:58][WHMCS Installer] INFO: Performing Update Action: createUuids []
[2016-09-21 08:08:58][WHMCS Installer] INFO: Removing any obsolete file and directories []
[2016-09-21 08:08:58][WHMCS Installer] INFO: Applying Updates for 6.2.0-rc.1 []
[2016-09-21 08:08:58][WHMCS Installer] INFO: Removing any obsolete file and directories []
[2016-09-21 08:08:58][WHMCS Installer] INFO: Applying Updates for 6.2.0-release.1 []
[2016-09-21 08:08:58][WHMCS Installer] INFO: Removing any obsolete file and directories []
[2016-09-21 08:08:58][WHMCS Installer] INFO: Applying Updates for 6.2.1-release.1 []
[2016-09-21 08:08:58][WHMCS Installer] INFO: Removing any obsolete file and directories []
[2016-09-21 08:08:58][WHMCS Installer] INFO: Applying Updates for 6.2.2-release.1 []
[2016-09-21 08:08:58][WHMCS Installer] INFO: Removing any obsolete file and directories []
[2016-09-21 08:08:58][WHMCS Installer] INFO: Applying Updates for 6.3.0-alpha.1 []
[2016-09-21 08:08:59][WHMCS Installer] INFO: Performing Update Action: migrateOpenIDValues []
[2016-09-21 08:08:59][WHMCS Installer] INFO: Performing Update Action: createTicketNotificationEmail []
[2016-09-21 08:08:59][WHMCS Installer] INFO: Removing any obsolete file and directories []
[2016-09-21 08:08:59][WHMCS Installer] INFO: Applying Updates for 6.3.0-rc.1 []
[2016-09-21 08:08:59][WHMCS Installer] INFO: Performing Update Action: insertUpgradeTimeForMDE []
[2016-09-21 08:08:59][WHMCS Installer] INFO: Removing any obsolete file and directories []
[2016-09-21 08:08:59][WHMCS Installer] INFO: Applying Updates for 6.3.0-release.1 []
[2016-09-21 08:08:59][WHMCS Installer] INFO: Performing Update Action: newEmailHeader []
[2016-09-21 08:08:59][WHMCS Installer] INFO: Performing Update Action: newEmailCss []
[2016-09-21 08:08:59][WHMCS Installer] INFO: Performing Update Action: newEmailFooter []
[2016-09-21 08:08:59][WHMCS Installer] INFO: Performing Update Action: updateCreateTicketNotificationEmail []
[2016-09-21 08:08:59][WHMCS Installer] INFO: Performing Update Action: removeOldAdminSupportEmailTemplates []
[2016-09-21 08:08:59][WHMCS Installer] INFO: Removing any obsolete file and directories []
[2016-09-21 08:08:59][WHMCS Installer] INFO: Applying Updates for 6.3.1-release.1 []
[2016-09-21 08:08:59][WHMCS Installer] INFO: Removing any obsolete file and directories []
[2016-09-21 08:08:59][WHMCS Installer] INFO: Installation process completed. []
